classic 
clawrun + load took 0.171241044998 seconds, for process 0
clawrun took 0.171154975891 seconds, for process 0 in grid 256
number of steps: 22
time reduction time 0.000478029251099
tfinal 0.1 and dt 0.00217776082952
================================
classic 
clawrun + load took 0.0787241458893 seconds, for process 0
clawrun took 0.0786390304565 seconds, for process 0 in grid 256
number of steps: 22
time reduction time 5.96046447754e-06
tfinal 0.1 and dt 0.00217776082952
================================
classic 
clawrun + load took 1466.42418599 seconds, for process 0
clawrun took 1466.42406011 seconds, for process 0 in grid 256
number of steps: 240
time reduction time 0.000562906265259
tfinal 0.1 and dt 0.000527500243916
================================
Total time : 1467.64899111
Python dynamic loading: 0.563255310059
