classic 
clawrun + load took 0.862160205841 seconds, for process 0
clawrun took 0.862056016922 seconds, for process 0 in grid 256
number of steps: 56
time reduction time 6.29425048828e-05
tfinal 0.1 and dt 0.00212027333618
================================
classic 
clawrun + load took 0.544229984283 seconds, for process 0
clawrun took 0.544147014618 seconds, for process 0 in grid 256
number of steps: 56
time reduction time 3.91006469727e-05
tfinal 0.1 and dt 0.00212027333618
================================
classic 
clawrun + load took 55.8256859779 seconds, for process 0
clawrun took 55.8256070614 seconds, for process 0 in grid 256
number of steps: 240
time reduction time 5.10215759277e-05
tfinal 0.1 and dt 0.000527500243916
================================
Total time : 67.4458498955
Python dynamic loading: 10.4614088535
