classic 
clawrun + load took 0.0658640861511 seconds, for process 0
clawrun took 0.0657980442047 seconds, for process 0 in grid 256
number of steps: 12
time reduction time 5.00679016113e-06
tfinal 0.1 and dt 0.000993316287102
================================
classic 
clawrun + load took 0.0374789237976 seconds, for process 0
clawrun took 0.0374269485474 seconds, for process 0 in grid 256
number of steps: 12
time reduction time 5.96046447754e-06
tfinal 0.1 and dt 0.000993316287102
================================
classic 
clawrun + load took 7649.85367799 seconds, for process 0
clawrun took 7649.85356307 seconds, for process 0 in grid 256
number of steps: 240
time reduction time 0.00102686882019
tfinal 0.1 and dt 0.000527500243916
================================
Total time : 7652.07426691
Python dynamic loading: 0.386295795441
